<?xml version="1.0" encoding="UTF-8"?>
<testsuite xmlns:xsi="http://www.w3.org/2001/XMLSchema-instance" xsi:noNamespaceSchemaLocation="https://maven.apache.org/surefire/maven-surefire-plugin/xsd/surefire-test-report-3.0.xsd" version="3.0" name="cn.nankai.edu.cn.ClassinfoTest" time="0.129" tests="25" errors="0" skipped="0" failures="0">
  <properties>
[...]
</properties>
  <testcase name="testSpecialCharactersName" classname="cn.nankai.edu.cn.ClassinfoTest" time="0.029"/>
  <testcase name="testBoundaryNegativeTeaid" classname="cn.nankai.edu.cn.ClassinfoTest" time="0.002"/>
  <testcase name="testMultipleSetSameValue" classname="cn.nankai.edu.cn.ClassinfoTest" time="0.003"/>
  <testcase name="testBoundaryZeroTeaid" classname="cn.nankai.edu.cn.ClassinfoTest" time="0.0"/>
  <testcase name="testLongName" classname="cn.nankai.edu.cn.ClassinfoTest" time="0.003"/>
  <testcase name="testNullName" classname="cn.nankai.edu.cn.ClassinfoTest" time="0.001"/>
  <testcase name="testBoundaryZeroNum" classname="cn.nankai.edu.cn.ClassinfoTest" time="0.0"/>
  <testcase name="testCombinedBoundaryValues" classname="cn.nankai.edu.cn.ClassinfoTest" time="0.0"/>
  <testcase name="testEmptyName" classname="cn.nankai.edu.cn.ClassinfoTest" time="0.001"/>
  <testcase name="testAlternatingSetValues" classname="cn.nankai.edu.cn.ClassinfoTest" time="0.0"/>
  <testcase name="testEmptyTeaname" classname="cn.nankai.edu.cn.ClassinfoTest" time="0.0"/>
  <testcase name="testNullTeaname" classname="cn.nankai.edu.cn.ClassinfoTest" time="0.003"/>
  <testcase name="testThreeParameterConstructor(String, int, int)[1]" classname="cn.nankai.edu.cn.ClassinfoTest" time="0.002"/>
  <testcase name="testThreeParameterConstructor(String, int, int)[2]" classname="cn.nankai.edu.cn.ClassinfoTest" time="0.0"/>
  <testcase name="testThreeParameterConstructor(String, int, int)[3]" classname="cn.nankai.edu.cn.ClassinfoTest" time="0.012"/>
  <testcase name="testLongTeaname" classname="cn.nankai.edu.cn.ClassinfoTest" time="0.001"/>
  <testcase name="testBoundaryMaxTeaid" classname="cn.nankai.edu.cn.ClassinfoTest" time="0.001"/>
  <testcase name="testBoundaryNegativeNum" classname="cn.nankai.edu.cn.ClassinfoTest" time="0.002"/>
  <testcase name="testSetters" classname="cn.nankai.edu.cn.ClassinfoTest" time="0.002"/>
  <testcase name="testFourParameterConstructor(String, int, int, String)[1]" classname="cn.nankai.edu.cn.ClassinfoTest" time="0.0"/>
  <testcase name="testFourParameterConstructor(String, int, int, String)[2]" classname="cn.nankai.edu.cn.ClassinfoTest" time="0.002"/>
  <testcase name="testFourParameterConstructor(String, int, int, String)[3]" classname="cn.nankai.edu.cn.ClassinfoTest" time="0.002"/>
  <testcase name="testUnicodeName" classname="cn.nankai.edu.cn.ClassinfoTest" time="0.001"/>
  <testcase name="testBoundaryMaxNum" classname="cn.nankai.edu.cn.ClassinfoTest" time="0.003"/>
  <testcase name="testDefaultConstructor" classname="cn.nankai.edu.cn.ClassinfoTest" time="0.001"/>
</testsuite>