<?xml version="1.0" encoding="UTF-8"?>
<testsuite xmlns:xsi="http://www.w3.org/2001/XMLSchema-instance" xsi:noNamespaceSchemaLocation="https://maven.apache.org/surefire/maven-surefire-plugin/xsd/surefire-test-report-3.0.xsd" version="3.0" name="cn.nankai.edu.cn.RealDBJDBCOperationTest" time="0.476" tests="10" errors="0" skipped="0" failures="0">
  <properties>
[...]
</properties>
  <testcase name="testDatabaseConnection" classname="cn.nankai.edu.cn.RealDBJDBCOperationTest" time="0.009">
    <system-out><![CDATA[[TEST-LOG][2026-04-18 16:44:22.274] ========================================
[TEST-LOG][2026-04-18 16:44:22.274] 开始初始化真实数据库连接...
[TEST-LOG][2026-04-18 16:44:22.274] 数据库URL: jdbc:mysql://localhost:3306/myc_test?useUnicode=true&characterEncoding=utf8&useSSL=false&serverTimezone=UTC&allowPublicKeyRetrieval=true
[TEST-LOG][2026-04-18 16:44:22.274] 数据库用户: root
[TEST-LOG][2026-04-18 16:44:22.274] 数据库密码: 123
[TEST-LOG][2026-04-18 16:44:22.274] ========================================
[TEST-LOG][2026-04-18 16:44:22.274] 正在加载MySQL驱动...
[TEST-LOG][2026-04-18 16:44:22.274] MySQL驱动加载成功！
[TEST-LOG][2026-04-18 16:44:22.274] 正在建立数据库连接...
[TEST-LOG][2026-04-18 16:44:22.282] 数据库连接建立成功！
[TEST-LOG][2026-04-18 16:44:22.282] 正在查询现有数据以确保外键约束...
[TEST-LOG][2026-04-18 16:44:22.282] 查询class表中的现有数据...
[TEST-LOG][2026-04-18 16:44:22.284] 找到现有班级: 计算机科学与技术一班
[TEST-LOG][2026-04-18 16:44:22.284] 查询teacher表中的现有数据...
[TEST-LOG][2026-04-18 16:44:22.285] 找到现有教师ID: 1
[TEST-LOG][2026-04-18 16:44:22.285] 查询major表中的现有数据...
[TEST-LOG][2026-04-18 16:44:22.286] 找到现有专业ID: 1
[TEST-LOG][2026-04-18 16:44:22.286] 查询course表中的现有数据...
[TEST-LOG][2026-04-18 16:44:22.287] 找到现有课程ID: 1
[TEST-LOG][2026-04-18 16:44:22.287] 正在初始化JDBCemo静态变量...
[TEST-LOG][2026-04-18 16:44:22.287] JDBCemo静态变量初始化完成！
[TEST-LOG][2026-04-18 16:44:22.287] ========================================
[TEST-LOG][2026-04-18 16:44:22.287] 真实数据库连接初始化完成！
[TEST-LOG][2026-04-18 16:44:22.287] 现有班级: 计算机科学与技术一班
[TEST-LOG][2026-04-18 16:44:22.287] 现有教师ID: 1
[TEST-LOG][2026-04-18 16:44:22.287] 现有专业ID: 1
[TEST-LOG][2026-04-18 16:44:22.287] 现有课程ID: 1
[TEST-LOG][2026-04-18 16:44:22.287] ========================================
[TEST-LOG][2026-04-18 16:44:22.289] ----------------------------------------
[TEST-LOG][2026-04-18 16:44:22.289] 开始执行测试方法...
[TEST-LOG][2026-04-18 16:44:22.289] ----------------------------------------
[TEST-LOG][2026-04-18 16:44:22.289] 准备测试数据...
[TEST-LOG][2026-04-18 16:44:22.289] 清理可能存在的旧测试数据...
[TEST-LOG][2026-04-18 16:44:22.289] ========================================
[TEST-LOG][2026-04-18 16:44:22.289] 执行数据库操作: 清理测试成绩数据
[TEST-LOG][2026-04-18 16:44:22.289] SQL语句: DELETE FROM stucourse WHERE stuid IN (99001, 99002, 99003)
[TEST-LOG][2026-04-18 16:44:22.289] ========================================
[TEST-LOG][2026-04-18 16:44:22.290] ========================================
[TEST-LOG][2026-04-18 16:44:22.291] 数据库操作结果: 清理测试成绩数据
[TEST-LOG][2026-04-18 16:44:22.291] 影响行数: 0
[TEST-LOG][2026-04-18 16:44:22.291] ========================================
[TEST-LOG][2026-04-18 16:44:22.291] ========================================
[TEST-LOG][2026-04-18 16:44:22.291] 执行数据库操作: 清理测试学生数据
[TEST-LOG][2026-04-18 16:44:22.291] SQL语句: DELETE FROM student WHERE id IN (99001, 99002, 99003)
[TEST-LOG][2026-04-18 16:44:22.291] ========================================
[TEST-LOG][2026-04-18 16:44:22.292] ========================================
[TEST-LOG][2026-04-18 16:44:22.292] 数据库操作结果: 清理测试学生数据
[TEST-LOG][2026-04-18 16:44:22.292] 影响行数: 0
[TEST-LOG][2026-04-18 16:44:22.292] ========================================
[TEST-LOG][2026-04-18 16:44:22.292] 测试数据清理完成
[TEST-LOG][2026-04-18 16:44:22.292] ========== 测试1: 数据库连接验证 ==========
[TEST-LOG][2026-04-18 16:44:22.292] ✓ 数据库连接验证通过
[TEST-LOG][2026-04-18 16:44:22.292] 执行简单的SELECT 1测试...
[TEST-LOG][2026-04-18 16:44:22.293] ✓ SELECT 1测试通过
[TEST-LOG][2026-04-18 16:44:22.293] ========== 测试1完成 ==========
[TEST-LOG][2026-04-18 16:44:22.293] ========================================
[TEST-LOG][2026-04-18 16:44:22.293] 清理本次测试的数据...
[TEST-LOG][2026-04-18 16:44:22.293] ========================================
[TEST-LOG][2026-04-18 16:44:22.293] ========================================
[TEST-LOG][2026-04-18 16:44:22.293] 执行数据库操作: 清理成绩数据
[TEST-LOG][2026-04-18 16:44:22.293] SQL语句: DELETE FROM stucourse WHERE stuid IN (99001, 99002, 99003)
[TEST-LOG][2026-04-18 16:44:22.293] ========================================
[TEST-LOG][2026-04-18 16:44:22.294] ========================================
[TEST-LOG][2026-04-18 16:44:22.294] 数据库操作结果: 清理成绩数据
[TEST-LOG][2026-04-18 16:44:22.294] 影响行数: 0
[TEST-LOG][2026-04-18 16:44:22.294] ========================================
[TEST-LOG][2026-04-18 16:44:22.294] ========================================
[TEST-LOG][2026-04-18 16:44:22.294] 执行数据库操作: 清理学生数据
[TEST-LOG][2026-04-18 16:44:22.294] SQL语句: DELETE FROM student WHERE id IN (99001, 99002, 99003)
[TEST-LOG][2026-04-18 16:44:22.294] ========================================
[TEST-LOG][2026-04-18 16:44:22.296] ========================================
[TEST-LOG][2026-04-18 16:44:22.296] 数据库操作结果: 清理学生数据
[TEST-LOG][2026-04-18 16:44:22.296] 影响行数: 0
[TEST-LOG][2026-04-18 16:44:22.297] ========================================
[TEST-LOG][2026-04-18 16:44:22.297] ✓ 测试数据清理完成
]]></system-out>
  </testcase>
  <testcase name="testScoreCRUD" classname="cn.nankai.edu.cn.RealDBJDBCOperationTest" time="0.067">
    <system-out><![CDATA[[TEST-LOG][2026-04-18 16:44:22.299] ----------------------------------------
[TEST-LOG][2026-04-18 16:44:22.299] 开始执行测试方法...
[TEST-LOG][2026-04-18 16:44:22.299] ----------------------------------------
[TEST-LOG][2026-04-18 16:44:22.299] 准备测试数据...
[TEST-LOG][2026-04-18 16:44:22.299] 清理可能存在的旧测试数据...
[TEST-LOG][2026-04-18 16:44:22.299] ========================================
[TEST-LOG][2026-04-18 16:44:22.299] 执行数据库操作: 清理测试成绩数据
[TEST-LOG][2026-04-18 16:44:22.299] SQL语句: DELETE FROM stucourse WHERE stuid IN (99001, 99002, 99003)
[TEST-LOG][2026-04-18 16:44:22.299] ========================================
[TEST-LOG][2026-04-18 16:44:22.301] ========================================
[TEST-LOG][2026-04-18 16:44:22.301] 数据库操作结果: 清理测试成绩数据
[TEST-LOG][2026-04-18 16:44:22.301] 影响行数: 0
[TEST-LOG][2026-04-18 16:44:22.301] ========================================
[TEST-LOG][2026-04-18 16:44:22.301] ========================================
[TEST-LOG][2026-04-18 16:44:22.301] 执行数据库操作: 清理测试学生数据
[TEST-LOG][2026-04-18 16:44:22.301] SQL语句: DELETE FROM student WHERE id IN (99001, 99002, 99003)
[TEST-LOG][2026-04-18 16:44:22.301] ========================================
[TEST-LOG][2026-04-18 16:44:22.303] ========================================
[TEST-LOG][2026-04-18 16:44:22.303] 数据库操作结果: 清理测试学生数据
[TEST-LOG][2026-04-18 16:44:22.303] 影响行数: 0
[TEST-LOG][2026-04-18 16:44:22.303] ========================================
[TEST-LOG][2026-04-18 16:44:22.303] 测试数据清理完成
[TEST-LOG][2026-04-18 16:44:22.304] ========== 测试6: 成绩CRUD - 完整流程 ==========
[TEST-LOG][2026-04-18 16:44:22.304] ========================================
[TEST-LOG][2026-04-18 16:44:22.304] 前置条件: 创建学生记录（成绩表依赖学生表）
[TEST-LOG][2026-04-18 16:44:22.304] ========================================
[TEST-LOG][2026-04-18 16:44:22.304] ========================================
[TEST-LOG][2026-04-18 16:44:22.304] 执行数据库操作: 创建成绩测试学生
[TEST-LOG][2026-04-18 16:44:22.304] SQL语句: INSERT INTO student (id, name, sex, indate, claname, majorid, teaid) VALUES (99001, '成绩测试学生', '男', '2023-09-01', '计算机科学与技术一班', 1, 1)
[TEST-LOG][2026-04-18 16:44:22.304] ========================================
[TEST-LOG][2026-04-18 16:44:22.314] ========================================
[TEST-LOG][2026-04-18 16:44:22.314] 数据库操作结果: 创建成绩测试学生
[TEST-LOG][2026-04-18 16:44:22.314] 影响行数: 1
[TEST-LOG][2026-04-18 16:44:22.314] ========================================
[TEST-LOG][2026-04-18 16:44:22.314] ========================================
[TEST-LOG][2026-04-18 16:44:22.314] 阶段1: 创建成绩记录 (Create)
[TEST-LOG][2026-04-18 16:44:22.314] ========================================
[TEST-LOG][2026-04-18 16:44:22.314] ========================================
[TEST-LOG][2026-04-18 16:44:22.314] 执行数据库操作: 插入成绩记录
[TEST-LOG][2026-04-18 16:44:22.314] SQL语句: INSERT INTO stucourse (stuid, couid, score) VALUES (99001, 1, 78.5)
[TEST-LOG][2026-04-18 16:44:22.314] ========================================
[TEST-LOG][2026-04-18 16:44:22.329] ========================================
[TEST-LOG][2026-04-18 16:44:22.329] 数据库操作结果: 插入成绩记录
[TEST-LOG][2026-04-18 16:44:22.329] 影响行数: 1
[TEST-LOG][2026-04-18 16:44:22.329] ========================================
[TEST-LOG][2026-04-18 16:44:22.329] ✓ 成绩创建成功
[TEST-LOG][2026-04-18 16:44:22.330] ========================================
[TEST-LOG][2026-04-18 16:44:22.330] 阶段2: 读取成绩记录 (Read)
[TEST-LOG][2026-04-18 16:44:22.330] ========================================
[TEST-LOG][2026-04-18 16:44:22.330] ========================================
[TEST-LOG][2026-04-18 16:44:22.330] 执行数据库操作: 查询成绩
[TEST-LOG][2026-04-18 16:44:22.330] SQL语句: SELECT * FROM stucourse WHERE stuid = 99001 AND couid = 1
[TEST-LOG][2026-04-18 16:44:22.330] ========================================
[TEST-LOG][2026-04-18 16:44:22.331] 读取到的成绩信息:
[TEST-LOG][2026-04-18 16:44:22.331]   学生ID: 99001
[TEST-LOG][2026-04-18 16:44:22.331]   课程ID: 1
[TEST-LOG][2026-04-18 16:44:22.331]   分数: 78.5
[TEST-LOG][2026-04-18 16:44:22.331] ✓ 成绩读取验证通过
[TEST-LOG][2026-04-18 16:44:22.331] ========================================
[TEST-LOG][2026-04-18 16:44:22.331] 阶段3: 更新成绩记录 (Update)
[TEST-LOG][2026-04-18 16:44:22.332] ========================================
[TEST-LOG][2026-04-18 16:44:22.332] ========================================
[TEST-LOG][2026-04-18 16:44:22.332] 执行数据库操作: 更新成绩
[TEST-LOG][2026-04-18 16:44:22.332] SQL语句: UPDATE stucourse SET score = 92.5 WHERE stuid = 99001 AND couid = 1
[TEST-LOG][2026-04-18 16:44:22.332] ========================================
[TEST-LOG][2026-04-18 16:44:22.335] ========================================
[TEST-LOG][2026-04-18 16:44:22.335] 数据库操作结果: 更新成绩
[TEST-LOG][2026-04-18 16:44:22.335] 影响行数: 1
[TEST-LOG][2026-04-18 16:44:22.335] ========================================
[TEST-LOG][2026-04-18 16:44:22.336] ✓ 成绩更新验证通过
[TEST-LOG][2026-04-18 16:44:22.336] ========================================
[TEST-LOG][2026-04-18 16:44:22.336] 阶段4: 删除成绩记录 (Delete)
[TEST-LOG][2026-04-18 16:44:22.336] ========================================
[TEST-LOG][2026-04-18 16:44:22.336] ========================================
[TEST-LOG][2026-04-18 16:44:22.336] 执行数据库操作: 删除成绩
[TEST-LOG][2026-04-18 16:44:22.336] SQL语句: DELETE FROM stucourse WHERE stuid = 99001 AND couid = 1
[TEST-LOG][2026-04-18 16:44:22.336] ========================================
[TEST-LOG][2026-04-18 16:44:22.345] ========================================
[TEST-LOG][2026-04-18 16:44:22.345] 数据库操作结果: 删除成绩
[TEST-LOG][2026-04-18 16:44:22.345] 影响行数: 1
[TEST-LOG][2026-04-18 16:44:22.345] ========================================
[TEST-LOG][2026-04-18 16:44:22.346] ✓ 成绩删除验证通过
[TEST-LOG][2026-04-18 16:44:22.346] ========================================
[TEST-LOG][2026-04-18 16:44:22.346] 清理: 删除测试学生
[TEST-LOG][2026-04-18 16:44:22.346] ========================================
[TEST-LOG][2026-04-18 16:44:22.346] ========================================
[TEST-LOG][2026-04-18 16:44:22.346] 执行数据库操作: 删除测试学生
[TEST-LOG][2026-04-18 16:44:22.346] SQL语句: DELETE FROM student WHERE id = 99001
[TEST-LOG][2026-04-18 16:44:22.346] ========================================
[TEST-LOG][2026-04-18 16:44:22.359] ========================================
[TEST-LOG][2026-04-18 16:44:22.359] 数据库操作结果: 删除测试学生
[TEST-LOG][2026-04-18 16:44:22.359] 影响行数: 1
[TEST-LOG][2026-04-18 16:44:22.359] ========================================
[TEST-LOG][2026-04-18 16:44:22.359] ========== 测试6完成 ==========
[TEST-LOG][2026-04-18 16:44:22.359] ========================================
[TEST-LOG][2026-04-18 16:44:22.360] 清理本次测试的数据...
[TEST-LOG][2026-04-18 16:44:22.360] ========================================
[TEST-LOG][2026-04-18 16:44:22.360] ========================================
[TEST-LOG][2026-04-18 16:44:22.360] 执行数据库操作: 清理成绩数据
[TEST-LOG][2026-04-18 16:44:22.360] SQL语句: DELETE FROM stucourse WHERE stuid IN (99001, 99002, 99003)
[TEST-LOG][2026-04-18 16:44:22.360] ========================================
[TEST-LOG][2026-04-18 16:44:22.362] ========================================
[TEST-LOG][2026-04-18 16:44:22.362] 数据库操作结果: 清理成绩数据
[TEST-LOG][2026-04-18 16:44:22.362] 影响行数: 0
[TEST-LOG][2026-04-18 16:44:22.362] ========================================
[TEST-LOG][2026-04-18 16:44:22.362] ========================================
[TEST-LOG][2026-04-18 16:44:22.362] 执行数据库操作: 清理学生数据
[TEST-LOG][2026-04-18 16:44:22.363] SQL语句: DELETE FROM student WHERE id IN (99001, 99002, 99003)
[TEST-LOG][2026-04-18 16:44:22.363] ========================================
[TEST-LOG][2026-04-18 16:44:22.364] ========================================
[TEST-LOG][2026-04-18 16:44:22.364] 数据库操作结果: 清理学生数据
[TEST-LOG][2026-04-18 16:44:22.364] 影响行数: 0
[TEST-LOG][2026-04-18 16:44:22.364] ========================================
[TEST-LOG][2026-04-18 16:44:22.364] ✓ 测试数据清理完成
]]></system-out>
  </testcase>
  <testcase name="testUpdateStudent" classname="cn.nankai.edu.cn.RealDBJDBCOperationTest" time="0.035">
    <system-out><![CDATA[[TEST-LOG][2026-04-18 16:44:22.367] ----------------------------------------
[TEST-LOG][2026-04-18 16:44:22.367] 开始执行测试方法...
[TEST-LOG][2026-04-18 16:44:22.367] ----------------------------------------
[TEST-LOG][2026-04-18 16:44:22.367] 准备测试数据...
[TEST-LOG][2026-04-18 16:44:22.367] 清理可能存在的旧测试数据...
[TEST-LOG][2026-04-18 16:44:22.367] ========================================
[TEST-LOG][2026-04-18 16:44:22.367] 执行数据库操作: 清理测试成绩数据
[TEST-LOG][2026-04-18 16:44:22.367] SQL语句: DELETE FROM stucourse WHERE stuid IN (99001, 99002, 99003)
[TEST-LOG][2026-04-18 16:44:22.367] ========================================
[TEST-LOG][2026-04-18 16:44:22.369] ========================================
[TEST-LOG][2026-04-18 16:44:22.369] 数据库操作结果: 清理测试成绩数据
[TEST-LOG][2026-04-18 16:44:22.369] 影响行数: 0
[TEST-LOG][2026-04-18 16:44:22.369] ========================================
[TEST-LOG][2026-04-18 16:44:22.369] ========================================
[TEST-LOG][2026-04-18 16:44:22.369] 执行数据库操作: 清理测试学生数据
[TEST-LOG][2026-04-18 16:44:22.369] SQL语句: DELETE FROM student WHERE id IN (99001, 99002, 99003)
[TEST-LOG][2026-04-18 16:44:22.369] ========================================
[TEST-LOG][2026-04-18 16:44:22.370] ========================================
[TEST-LOG][2026-04-18 16:44:22.370] 数据库操作结果: 清理测试学生数据
[TEST-LOG][2026-04-18 16:44:22.370] 影响行数: 0
[TEST-LOG][2026-04-18 16:44:22.370] ========================================
[TEST-LOG][2026-04-18 16:44:22.370] 测试数据清理完成
[TEST-LOG][2026-04-18 16:44:22.370] ========== 测试3: 更新学生记录 - 完整流程 ==========
[TEST-LOG][2026-04-18 16:44:22.370] 步骤1: 先插入测试数据
[TEST-LOG][2026-04-18 16:44:22.371] ========================================
[TEST-LOG][2026-04-18 16:44:22.371] 执行数据库操作: 插入测试学生
[TEST-LOG][2026-04-18 16:44:22.371] SQL语句: INSERT INTO student (id, name, sex, indate, claname, majorid, teaid) VALUES (99001, '更新前姓名', '男', '2023-09-01', '计算机科学与技术一班', 1, 1)
[TEST-LOG][2026-04-18 16:44:22.371] ========================================
[TEST-LOG][2026-04-18 16:44:22.380] ========================================
[TEST-LOG][2026-04-18 16:44:22.380] 数据库操作结果: 插入测试学生
[TEST-LOG][2026-04-18 16:44:22.380] 影响行数: 1
[TEST-LOG][2026-04-18 16:44:22.380] ========================================
[TEST-LOG][2026-04-18 16:44:22.380] 步骤2: 验证插入的数据
[TEST-LOG][2026-04-18 16:44:22.381] ✓ 插入数据验证通过
[TEST-LOG][2026-04-18 16:44:22.381] 步骤3: 执行更新操作
[TEST-LOG][2026-04-18 16:44:22.381] ========================================
[TEST-LOG][2026-04-18 16:44:22.381] 执行数据库操作: 更新学生记录
[TEST-LOG][2026-04-18 16:44:22.381] SQL语句: UPDATE student SET name = '更新后姓名_真实库' WHERE id = 99001
[TEST-LOG][2026-04-18 16:44:22.381] ========================================
[TEST-LOG][2026-04-18 16:44:22.388] ========================================
[TEST-LOG][2026-04-18 16:44:22.388] 数据库操作结果: 更新学生记录
[TEST-LOG][2026-04-18 16:44:22.388] 影响行数: 1
[TEST-LOG][2026-04-18 16:44:22.388] ========================================
[TEST-LOG][2026-04-18 16:44:22.388] ✓ 更新操作执行成功
[TEST-LOG][2026-04-18 16:44:22.388] 步骤4: 验证更新结果
[TEST-LOG][2026-04-18 16:44:22.390] 更新后的数据:
[TEST-LOG][2026-04-18 16:44:22.390]   姓名: 更新后姓名_真实库
[TEST-LOG][2026-04-18 16:44:22.390] ✓ 更新结果验证通过
[TEST-LOG][2026-04-18 16:44:22.390] ========== 测试3完成 ==========
[TEST-LOG][2026-04-18 16:44:22.390] ========================================
[TEST-LOG][2026-04-18 16:44:22.390] 清理本次测试的数据...
[TEST-LOG][2026-04-18 16:44:22.390] ========================================
[TEST-LOG][2026-04-18 16:44:22.390] ========================================
[TEST-LOG][2026-04-18 16:44:22.390] 执行数据库操作: 清理成绩数据
[TEST-LOG][2026-04-18 16:44:22.390] SQL语句: DELETE FROM stucourse WHERE stuid IN (99001, 99002, 99003)
[TEST-LOG][2026-04-18 16:44:22.390] ========================================
[TEST-LOG][2026-04-18 16:44:22.392] ========================================
[TEST-LOG][2026-04-18 16:44:22.392] 数据库操作结果: 清理成绩数据
[TEST-LOG][2026-04-18 16:44:22.392] 影响行数: 0
[TEST-LOG][2026-04-18 16:44:22.392] ========================================
[TEST-LOG][2026-04-18 16:44:22.392] ========================================
[TEST-LOG][2026-04-18 16:44:22.392] 执行数据库操作: 清理学生数据
[TEST-LOG][2026-04-18 16:44:22.392] SQL语句: DELETE FROM student WHERE id IN (99001, 99002, 99003)
[TEST-LOG][2026-04-18 16:44:22.392] ========================================
[TEST-LOG][2026-04-18 16:44:22.400] ========================================
[TEST-LOG][2026-04-18 16:44:22.401] 数据库操作结果: 清理学生数据
[TEST-LOG][2026-04-18 16:44:22.401] 影响行数: 1
[TEST-LOG][2026-04-18 16:44:22.401] ========================================
[TEST-LOG][2026-04-18 16:44:22.401] ✓ 测试数据清理完成
]]></system-out>
  </testcase>
  <testcase name="testAggregateQuery" classname="cn.nankai.edu.cn.RealDBJDBCOperationTest" time="0.038">
    <system-out><![CDATA[[TEST-LOG][2026-04-18 16:44:22.404] ----------------------------------------
[TEST-LOG][2026-04-18 16:44:22.404] 开始执行测试方法...
[TEST-LOG][2026-04-18 16:44:22.404] ----------------------------------------
[TEST-LOG][2026-04-18 16:44:22.404] 准备测试数据...
[TEST-LOG][2026-04-18 16:44:22.404] 清理可能存在的旧测试数据...
[TEST-LOG][2026-04-18 16:44:22.404] ========================================
[TEST-LOG][2026-04-18 16:44:22.404] 执行数据库操作: 清理测试成绩数据
[TEST-LOG][2026-04-18 16:44:22.404] SQL语句: DELETE FROM stucourse WHERE stuid IN (99001, 99002, 99003)
[TEST-LOG][2026-04-18 16:44:22.404] ========================================
[TEST-LOG][2026-04-18 16:44:22.405] ========================================
[TEST-LOG][2026-04-18 16:44:22.405] 数据库操作结果: 清理测试成绩数据
[TEST-LOG][2026-04-18 16:44:22.405] 影响行数: 0
[TEST-LOG][2026-04-18 16:44:22.405] ========================================
[TEST-LOG][2026-04-18 16:44:22.405] ========================================
[TEST-LOG][2026-04-18 16:44:22.405] 执行数据库操作: 清理测试学生数据
[TEST-LOG][2026-04-18 16:44:22.405] SQL语句: DELETE FROM student WHERE id IN (99001, 99002, 99003)
[TEST-LOG][2026-04-18 16:44:22.405] ========================================
[TEST-LOG][2026-04-18 16:44:22.406] ========================================
[TEST-LOG][2026-04-18 16:44:22.406] 数据库操作结果: 清理测试学生数据
[TEST-LOG][2026-04-18 16:44:22.406] 影响行数: 0
[TEST-LOG][2026-04-18 16:44:22.406] ========================================
[TEST-LOG][2026-04-18 16:44:22.406] 测试数据清理完成
[TEST-LOG][2026-04-18 16:44:22.406] ========== 测试8: 聚合函数查询 - 统计分析 ==========
[TEST-LOG][2026-04-18 16:44:22.406] ========================================
[TEST-LOG][2026-04-18 16:44:22.407] 步骤1: 插入多个测试学生
[TEST-LOG][2026-04-18 16:44:22.407] ========================================
[TEST-LOG][2026-04-18 16:44:22.407] ========================================
[TEST-LOG][2026-04-18 16:44:22.407] 执行数据库操作: 插入聚合测试学生1
[TEST-LOG][2026-04-18 16:44:22.407] SQL语句: INSERT INTO student (id, name, sex, indate, claname, majorid, teaid) VALUES (99001, '聚合测试1', '男', '2023-09-01', '计算机科学与技术一班', 1, 1)
[TEST-LOG][2026-04-18 16:44:22.407] ========================================
[TEST-LOG][2026-04-18 16:44:22.411] ========================================
[TEST-LOG][2026-04-18 16:44:22.411] 数据库操作结果: 插入聚合测试学生1
[TEST-LOG][2026-04-18 16:44:22.412] 影响行数: 1
[TEST-LOG][2026-04-18 16:44:22.412] ========================================
[TEST-LOG][2026-04-18 16:44:22.412] ========================================
[TEST-LOG][2026-04-18 16:44:22.412] 执行数据库操作: 插入聚合测试学生2
[TEST-LOG][2026-04-18 16:44:22.412] SQL语句: INSERT INTO student (id, name, sex, indate, claname, majorid, teaid) VALUES (99002, '聚合测试2', '女', '2023-09-01', '计算机科学与技术一班', 1, 1)
[TEST-LOG][2026-04-18 16:44:22.412] ========================================
[TEST-LOG][2026-04-18 16:44:22.416] ========================================
[TEST-LOG][2026-04-18 16:44:22.416] 数据库操作结果: 插入聚合测试学生2
[TEST-LOG][2026-04-18 16:44:22.416] 影响行数: 1
[TEST-LOG][2026-04-18 16:44:22.416] ========================================
[TEST-LOG][2026-04-18 16:44:22.416] ========================================
[TEST-LOG][2026-04-18 16:44:22.417] 步骤2: 统计班级学生数量
[TEST-LOG][2026-04-18 16:44:22.417] ========================================
[TEST-LOG][2026-04-18 16:44:22.417] ========================================
[TEST-LOG][2026-04-18 16:44:22.417] 执行数据库操作: 统计班级学生数
[TEST-LOG][2026-04-18 16:44:22.417] SQL语句: SELECT COUNT(*) as total, claname FROM student WHERE claname = '计算机科学与技术一班' GROUP BY claname
[TEST-LOG][2026-04-18 16:44:22.417] ========================================
[TEST-LOG][2026-04-18 16:44:22.418] 班级学生数量: 7
[TEST-LOG][2026-04-18 16:44:22.418] ✓ COUNT统计通过
[TEST-LOG][2026-04-18 16:44:22.418] ========================================
[TEST-LOG][2026-04-18 16:44:22.418] 步骤3: 查询最大/最小学生ID
[TEST-LOG][2026-04-18 16:44:22.418] ========================================
[TEST-LOG][2026-04-18 16:44:22.418] ========================================
[TEST-LOG][2026-04-18 16:44:22.418] 执行数据库操作: 查询最值
[TEST-LOG][2026-04-18 16:44:22.418] SQL语句: SELECT MIN(id) as min_id, MAX(id) as max_id FROM student WHERE id IN (99001, 99002)
[TEST-LOG][2026-04-18 16:44:22.418] ========================================
[TEST-LOG][2026-04-18 16:44:22.421] 最小ID: 99001
[TEST-LOG][2026-04-18 16:44:22.421] 最大ID: 99002
[TEST-LOG][2026-04-18 16:44:22.421] ✓ MIN/MAX查询通过
[TEST-LOG][2026-04-18 16:44:22.421] ========== 测试8完成 ==========
[TEST-LOG][2026-04-18 16:44:22.421] ========================================
[TEST-LOG][2026-04-18 16:44:22.421] 清理本次测试的数据...
[TEST-LOG][2026-04-18 16:44:22.421] ========================================
[TEST-LOG][2026-04-18 16:44:22.421] ========================================
[TEST-LOG][2026-04-18 16:44:22.421] 执行数据库操作: 清理成绩数据
[TEST-LOG][2026-04-18 16:44:22.421] SQL语句: DELETE FROM stucourse WHERE stuid IN (99001, 99002, 99003)
[TEST-LOG][2026-04-18 16:44:22.421] ========================================
[TEST-LOG][2026-04-18 16:44:22.422] ========================================
[TEST-LOG][2026-04-18 16:44:22.422] 数据库操作结果: 清理成绩数据
[TEST-LOG][2026-04-18 16:44:22.422] 影响行数: 0
[TEST-LOG][2026-04-18 16:44:22.422] ========================================
[TEST-LOG][2026-04-18 16:44:22.422] ========================================
[TEST-LOG][2026-04-18 16:44:22.422] 执行数据库操作: 清理学生数据
[TEST-LOG][2026-04-18 16:44:22.422] SQL语句: DELETE FROM student WHERE id IN (99001, 99002, 99003)
[TEST-LOG][2026-04-18 16:44:22.422] ========================================
[TEST-LOG][2026-04-18 16:44:22.440] ========================================
[TEST-LOG][2026-04-18 16:44:22.440] 数据库操作结果: 清理学生数据
[TEST-LOG][2026-04-18 16:44:22.440] 影响行数: 2
[TEST-LOG][2026-04-18 16:44:22.440] ========================================
[TEST-LOG][2026-04-18 16:44:22.440] ✓ 测试数据清理完成
]]></system-out>
  </testcase>
  <testcase name="testMultiTableJoin" classname="cn.nankai.edu.cn.RealDBJDBCOperationTest" time="0.035">
    <system-out><![CDATA[[TEST-LOG][2026-04-18 16:44:22.444] ----------------------------------------
[TEST-LOG][2026-04-18 16:44:22.445] 开始执行测试方法...
[TEST-LOG][2026-04-18 16:44:22.445] ----------------------------------------
[TEST-LOG][2026-04-18 16:44:22.445] 准备测试数据...
[TEST-LOG][2026-04-18 16:44:22.445] 清理可能存在的旧测试数据...
[TEST-LOG][2026-04-18 16:44:22.445] ========================================
[TEST-LOG][2026-04-18 16:44:22.445] 执行数据库操作: 清理测试成绩数据
[TEST-LOG][2026-04-18 16:44:22.445] SQL语句: DELETE FROM stucourse WHERE stuid IN (99001, 99002, 99003)
[TEST-LOG][2026-04-18 16:44:22.445] ========================================
[TEST-LOG][2026-04-18 16:44:22.446] ========================================
[TEST-LOG][2026-04-18 16:44:22.446] 数据库操作结果: 清理测试成绩数据
[TEST-LOG][2026-04-18 16:44:22.446] 影响行数: 0
[TEST-LOG][2026-04-18 16:44:22.446] ========================================
[TEST-LOG][2026-04-18 16:44:22.446] ========================================
[TEST-LOG][2026-04-18 16:44:22.446] 执行数据库操作: 清理测试学生数据
[TEST-LOG][2026-04-18 16:44:22.446] SQL语句: DELETE FROM student WHERE id IN (99001, 99002, 99003)
[TEST-LOG][2026-04-18 16:44:22.446] ========================================
[TEST-LOG][2026-04-18 16:44:22.447] ========================================
[TEST-LOG][2026-04-18 16:44:22.447] 数据库操作结果: 清理测试学生数据
[TEST-LOG][2026-04-18 16:44:22.447] 影响行数: 0
[TEST-LOG][2026-04-18 16:44:22.447] ========================================
[TEST-LOG][2026-04-18 16:44:22.447] 测试数据清理完成
[TEST-LOG][2026-04-18 16:44:22.448] ========== 测试7: 多表关联查询 - 学生、教师、专业关联 ==========
[TEST-LOG][2026-04-18 16:44:22.448] ========================================
[TEST-LOG][2026-04-18 16:44:22.448] 步骤1: 插入测试数据
[TEST-LOG][2026-04-18 16:44:22.448] ========================================
[TEST-LOG][2026-04-18 16:44:22.448] ========================================
[TEST-LOG][2026-04-18 16:44:22.448] 执行数据库操作: 插入关联测试学生
[TEST-LOG][2026-04-18 16:44:22.448] SQL语句: INSERT INTO student (id, name, sex, indate, claname, majorid, teaid) VALUES (99001, '关联查询测试', '男', '2023-09-01', '计算机科学与技术一班', 1, 1)
[TEST-LOG][2026-04-18 16:44:22.448] ========================================
[TEST-LOG][2026-04-18 16:44:22.455] ========================================
[TEST-LOG][2026-04-18 16:44:22.456] 数据库操作结果: 插入关联测试学生
[TEST-LOG][2026-04-18 16:44:22.456] 影响行数: 1
[TEST-LOG][2026-04-18 16:44:22.456] ========================================
[TEST-LOG][2026-04-18 16:44:22.456] ========================================
[TEST-LOG][2026-04-18 16:44:22.456] 步骤2: 执行多表关联查询
[TEST-LOG][2026-04-18 16:44:22.456] ========================================
[TEST-LOG][2026-04-18 16:44:22.456] ========================================
[TEST-LOG][2026-04-18 16:44:22.456] 执行数据库操作: 多表关联查询
[TEST-LOG][2026-04-18 16:44:22.456] SQL语句: SELECT s.id as student_id, s.name as student_name, s.sex, t.name as teacher_name, m.name as major_name FROM student s LEFT JOIN teacher t ON s.teaid = t.id LEFT JOIN major m ON s.majorid = m.id WHERE s.id = 99001
[TEST-LOG][2026-04-18 16:44:22.456] ========================================
[TEST-LOG][2026-04-18 16:44:22.458] 关联查询结果:
[TEST-LOG][2026-04-18 16:44:22.461]   学生ID: 99001
[TEST-LOG][2026-04-18 16:44:22.461]   学生姓名: 关联查询测试
[TEST-LOG][2026-04-18 16:44:22.461]   性别: 男
[TEST-LOG][2026-04-18 16:44:22.461]   教师姓名: 李五
[TEST-LOG][2026-04-18 16:44:22.461]   专业名称: 计算机科学与技术专业
[TEST-LOG][2026-04-18 16:44:22.461] ✓ 多表关联查询通过
[TEST-LOG][2026-04-18 16:44:22.461] ========== 测试7完成 ==========
[TEST-LOG][2026-04-18 16:44:22.462] ========================================
[TEST-LOG][2026-04-18 16:44:22.462] 清理本次测试的数据...
[TEST-LOG][2026-04-18 16:44:22.462] ========================================
[TEST-LOG][2026-04-18 16:44:22.462] ========================================
[TEST-LOG][2026-04-18 16:44:22.462] 执行数据库操作: 清理成绩数据
[TEST-LOG][2026-04-18 16:44:22.462] SQL语句: DELETE FROM stucourse WHERE stuid IN (99001, 99002, 99003)
[TEST-LOG][2026-04-18 16:44:22.462] ========================================
[TEST-LOG][2026-04-18 16:44:22.466] ========================================
[TEST-LOG][2026-04-18 16:44:22.466] 数据库操作结果: 清理成绩数据
[TEST-LOG][2026-04-18 16:44:22.466] 影响行数: 0
[TEST-LOG][2026-04-18 16:44:22.466] ========================================
[TEST-LOG][2026-04-18 16:44:22.466] ========================================
[TEST-LOG][2026-04-18 16:44:22.466] 执行数据库操作: 清理学生数据
[TEST-LOG][2026-04-18 16:44:22.466] SQL语句: DELETE FROM student WHERE id IN (99001, 99002, 99003)
[TEST-LOG][2026-04-18 16:44:22.466] ========================================
[TEST-LOG][2026-04-18 16:44:22.475] ========================================
[TEST-LOG][2026-04-18 16:44:22.475] 数据库操作结果: 清理学生数据
[TEST-LOG][2026-04-18 16:44:22.475] 影响行数: 1
[TEST-LOG][2026-04-18 16:44:22.475] ========================================
[TEST-LOG][2026-04-18 16:44:22.475] ✓ 测试数据清理完成
]]></system-out>
  </testcase>
  <testcase name="testInsertStudent" classname="cn.nankai.edu.cn.RealDBJDBCOperationTest" time="0.034">
    <system-out><![CDATA[[TEST-LOG][2026-04-18 16:44:22.499] ----------------------------------------
[TEST-LOG][2026-04-18 16:44:22.499] 开始执行测试方法...
[TEST-LOG][2026-04-18 16:44:22.499] ----------------------------------------
[TEST-LOG][2026-04-18 16:44:22.499] 准备测试数据...
[TEST-LOG][2026-04-18 16:44:22.499] 清理可能存在的旧测试数据...
[TEST-LOG][2026-04-18 16:44:22.499] ========================================
[TEST-LOG][2026-04-18 16:44:22.499] 执行数据库操作: 清理测试成绩数据
[TEST-LOG][2026-04-18 16:44:22.499] SQL语句: DELETE FROM stucourse WHERE stuid IN (99001, 99002, 99003)
[TEST-LOG][2026-04-18 16:44:22.499] ========================================
[TEST-LOG][2026-04-18 16:44:22.500] ========================================
[TEST-LOG][2026-04-18 16:44:22.501] 数据库操作结果: 清理测试成绩数据
[TEST-LOG][2026-04-18 16:44:22.501] 影响行数: 0
[TEST-LOG][2026-04-18 16:44:22.501] ========================================
[TEST-LOG][2026-04-18 16:44:22.501] ========================================
[TEST-LOG][2026-04-18 16:44:22.501] 执行数据库操作: 清理测试学生数据
[TEST-LOG][2026-04-18 16:44:22.501] SQL语句: DELETE FROM student WHERE id IN (99001, 99002, 99003)
[TEST-LOG][2026-04-18 16:44:22.501] ========================================
[TEST-LOG][2026-04-18 16:44:22.503] ========================================
[TEST-LOG][2026-04-18 16:44:22.503] 数据库操作结果: 清理测试学生数据
[TEST-LOG][2026-04-18 16:44:22.503] 影响行数: 0
[TEST-LOG][2026-04-18 16:44:22.503] ========================================
[TEST-LOG][2026-04-18 16:44:22.503] 测试数据清理完成
[TEST-LOG][2026-04-18 16:44:22.503] ========== 测试2: 插入学生记录 - 完整流程 ==========
[TEST-LOG][2026-04-18 16:44:22.503] 准备插入学生数据:
[TEST-LOG][2026-04-18 16:44:22.503]   学号: 99001
[TEST-LOG][2026-04-18 16:44:22.504]   姓名: 测试学生_真实库
[TEST-LOG][2026-04-18 16:44:22.504]   性别: 男
[TEST-LOG][2026-04-18 16:44:22.504]   入学日期: 2023-09-01
[TEST-LOG][2026-04-18 16:44:22.504]   班级: 计算机科学与技术一班
[TEST-LOG][2026-04-18 16:44:22.504]   专业ID: 1
[TEST-LOG][2026-04-18 16:44:22.506]   教师ID: 1
[TEST-LOG][2026-04-18 16:44:22.507] ========================================
[TEST-LOG][2026-04-18 16:44:22.508] 执行数据库操作: 插入学生记录
[TEST-LOG][2026-04-18 16:44:22.508] SQL语句: INSERT INTO student (id, name, sex, indate, claname, majorid, teaid) VALUES (99001, '测试学生_真实库', '男', '2023-09-01', '计算机科学与技术一班', 1, 1)
[TEST-LOG][2026-04-18 16:44:22.508] ========================================
[TEST-LOG][2026-04-18 16:44:22.517] ========================================
[TEST-LOG][2026-04-18 16:44:22.518] 数据库操作结果: 插入学生记录
[TEST-LOG][2026-04-18 16:44:22.518] 影响行数: 1
[TEST-LOG][2026-04-18 16:44:22.518] ========================================
[TEST-LOG][2026-04-18 16:44:22.518] ✓ 学生记录插入成功
[TEST-LOG][2026-04-18 16:44:22.518] 验证插入的数据...
[TEST-LOG][2026-04-18 16:44:22.518] ========================================
[TEST-LOG][2026-04-18 16:44:22.518] 执行数据库操作: 查询插入的学生
[TEST-LOG][2026-04-18 16:44:22.518] SQL语句: SELECT * FROM student WHERE id = 99001
[TEST-LOG][2026-04-18 16:44:22.518] ========================================
[TEST-LOG][2026-04-18 16:44:22.519] 查询结果:
[TEST-LOG][2026-04-18 16:44:22.520]   学号: 99001
[TEST-LOG][2026-04-18 16:44:22.520]   姓名: 测试学生_真实库
[TEST-LOG][2026-04-18 16:44:22.520]   性别: 男
[TEST-LOG][2026-04-18 16:44:22.520]   班级: 计算机科学与技术一班
[TEST-LOG][2026-04-18 16:44:22.520] ✓ 插入数据验证通过
[TEST-LOG][2026-04-18 16:44:22.520] ========== 测试2完成 ==========
[TEST-LOG][2026-04-18 16:44:22.521] ========================================
[TEST-LOG][2026-04-18 16:44:22.521] 清理本次测试的数据...
[TEST-LOG][2026-04-18 16:44:22.521] ========================================
[TEST-LOG][2026-04-18 16:44:22.521] ========================================
[TEST-LOG][2026-04-18 16:44:22.521] 执行数据库操作: 清理成绩数据
[TEST-LOG][2026-04-18 16:44:22.521] SQL语句: DELETE FROM stucourse WHERE stuid IN (99001, 99002, 99003)
[TEST-LOG][2026-04-18 16:44:22.521] ========================================
[TEST-LOG][2026-04-18 16:44:22.522] ========================================
[TEST-LOG][2026-04-18 16:44:22.522] 数据库操作结果: 清理成绩数据
[TEST-LOG][2026-04-18 16:44:22.522] 影响行数: 0
[TEST-LOG][2026-04-18 16:44:22.522] ========================================
[TEST-LOG][2026-04-18 16:44:22.522] ========================================
[TEST-LOG][2026-04-18 16:44:22.522] 执行数据库操作: 清理学生数据
[TEST-LOG][2026-04-18 16:44:22.522] SQL语句: DELETE FROM student WHERE id IN (99001, 99002, 99003)
[TEST-LOG][2026-04-18 16:44:22.522] ========================================
[TEST-LOG][2026-04-18 16:44:22.526] ========================================
[TEST-LOG][2026-04-18 16:44:22.526] 数据库操作结果: 清理学生数据
[TEST-LOG][2026-04-18 16:44:22.526] 影响行数: 1
[TEST-LOG][2026-04-18 16:44:22.526] ========================================
[TEST-LOG][2026-04-18 16:44:22.526] ✓ 测试数据清理完成
]]></system-out>
  </testcase>
  <testcase name="testDeleteStudent" classname="cn.nankai.edu.cn.RealDBJDBCOperationTest" time="0.118">
    <system-out><![CDATA[[TEST-LOG][2026-04-18 16:44:22.533] ----------------------------------------
[TEST-LOG][2026-04-18 16:44:22.533] 开始执行测试方法...
[TEST-LOG][2026-04-18 16:44:22.533] ----------------------------------------
[TEST-LOG][2026-04-18 16:44:22.533] 准备测试数据...
[TEST-LOG][2026-04-18 16:44:22.533] 清理可能存在的旧测试数据...
[TEST-LOG][2026-04-18 16:44:22.533] ========================================
[TEST-LOG][2026-04-18 16:44:22.533] 执行数据库操作: 清理测试成绩数据
[TEST-LOG][2026-04-18 16:44:22.533] SQL语句: DELETE FROM stucourse WHERE stuid IN (99001, 99002, 99003)
[TEST-LOG][2026-04-18 16:44:22.533] ========================================
[TEST-LOG][2026-04-18 16:44:22.534] ========================================
[TEST-LOG][2026-04-18 16:44:22.536] 数据库操作结果: 清理测试成绩数据
[TEST-LOG][2026-04-18 16:44:22.536] 影响行数: 0
[TEST-LOG][2026-04-18 16:44:22.536] ========================================
[TEST-LOG][2026-04-18 16:44:22.536] ========================================
[TEST-LOG][2026-04-18 16:44:22.536] 执行数据库操作: 清理测试学生数据
[TEST-LOG][2026-04-18 16:44:22.536] SQL语句: DELETE FROM student WHERE id IN (99001, 99002, 99003)
[TEST-LOG][2026-04-18 16:44:22.536] ========================================
[TEST-LOG][2026-04-18 16:44:22.537] ========================================
[TEST-LOG][2026-04-18 16:44:22.541] 数据库操作结果: 清理测试学生数据
[TEST-LOG][2026-04-18 16:44:22.541] 影响行数: 0
[TEST-LOG][2026-04-18 16:44:22.541] ========================================
[TEST-LOG][2026-04-18 16:44:22.541] 测试数据清理完成
[TEST-LOG][2026-04-18 16:44:22.541] ========== 测试4: 删除学生记录 - 完整流程 ==========
[TEST-LOG][2026-04-18 16:44:22.541] 步骤1: 先插入测试数据
[TEST-LOG][2026-04-18 16:44:22.541] ========================================
[TEST-LOG][2026-04-18 16:44:22.541] 执行数据库操作: 插入待删除学生
[TEST-LOG][2026-04-18 16:44:22.541] SQL语句: INSERT INTO student (id, name, sex, indate, claname, majorid, teaid) VALUES (99001, '待删除学生', '男', '2023-09-01', '计算机科学与技术一班', 1, 1)
[TEST-LOG][2026-04-18 16:44:22.541] ========================================
[TEST-LOG][2026-04-18 16:44:22.637] ========================================
[TEST-LOG][2026-04-18 16:44:22.638] 数据库操作结果: 插入待删除学生
[TEST-LOG][2026-04-18 16:44:22.638] 影响行数: 1
[TEST-LOG][2026-04-18 16:44:22.638] ========================================
[TEST-LOG][2026-04-18 16:44:22.638] 步骤2: 验证数据存在
[TEST-LOG][2026-04-18 16:44:22.639] ✓ 数据存在验证通过
[TEST-LOG][2026-04-18 16:44:22.639] 步骤3: 执行删除操作
[TEST-LOG][2026-04-18 16:44:22.639] ========================================
[TEST-LOG][2026-04-18 16:44:22.639] 执行数据库操作: 删除学生记录
[TEST-LOG][2026-04-18 16:44:22.639] SQL语句: DELETE FROM student WHERE id = 99001
[TEST-LOG][2026-04-18 16:44:22.639] ========================================
[TEST-LOG][2026-04-18 16:44:22.642] ========================================
[TEST-LOG][2026-04-18 16:44:22.642] 数据库操作结果: 删除学生记录
[TEST-LOG][2026-04-18 16:44:22.642] 影响行数: 1
[TEST-LOG][2026-04-18 16:44:22.642] ========================================
[TEST-LOG][2026-04-18 16:44:22.642] ✓ 删除操作执行成功
[TEST-LOG][2026-04-18 16:44:22.642] 步骤4: 验证数据已删除
[TEST-LOG][2026-04-18 16:44:22.643] ✓ 数据已删除验证通过
[TEST-LOG][2026-04-18 16:44:22.643] ========== 测试4完成 ==========
[TEST-LOG][2026-04-18 16:44:22.644] ========================================
[TEST-LOG][2026-04-18 16:44:22.644] 清理本次测试的数据...
[TEST-LOG][2026-04-18 16:44:22.644] ========================================
[TEST-LOG][2026-04-18 16:44:22.644] ========================================
[TEST-LOG][2026-04-18 16:44:22.644] 执行数据库操作: 清理成绩数据
[TEST-LOG][2026-04-18 16:44:22.644] SQL语句: DELETE FROM stucourse WHERE stuid IN (99001, 99002, 99003)
[TEST-LOG][2026-04-18 16:44:22.644] ========================================
[TEST-LOG][2026-04-18 16:44:22.646] ========================================
[TEST-LOG][2026-04-18 16:44:22.646] 数据库操作结果: 清理成绩数据
[TEST-LOG][2026-04-18 16:44:22.646] 影响行数: 0
[TEST-LOG][2026-04-18 16:44:22.646] ========================================
[TEST-LOG][2026-04-18 16:44:22.646] ========================================
[TEST-LOG][2026-04-18 16:44:22.646] 执行数据库操作: 清理学生数据
[TEST-LOG][2026-04-18 16:44:22.646] SQL语句: DELETE FROM student WHERE id IN (99001, 99002, 99003)
[TEST-LOG][2026-04-18 16:44:22.646] ========================================
[TEST-LOG][2026-04-18 16:44:22.647] ========================================
[TEST-LOG][2026-04-18 16:44:22.647] 数据库操作结果: 清理学生数据
[TEST-LOG][2026-04-18 16:44:22.647] 影响行数: 0
[TEST-LOG][2026-04-18 16:44:22.647] ========================================
[TEST-LOG][2026-04-18 16:44:22.647] ✓ 测试数据清理完成
]]></system-out>
  </testcase>
  <testcase name="testSelectStudent" classname="cn.nankai.edu.cn.RealDBJDBCOperationTest" time="0.045">
    <system-out><![CDATA[[TEST-LOG][2026-04-18 16:44:22.650] ----------------------------------------
[TEST-LOG][2026-04-18 16:44:22.650] 开始执行测试方法...
[TEST-LOG][2026-04-18 16:44:22.650] ----------------------------------------
[TEST-LOG][2026-04-18 16:44:22.650] 准备测试数据...
[TEST-LOG][2026-04-18 16:44:22.650] 清理可能存在的旧测试数据...
[TEST-LOG][2026-04-18 16:44:22.650] ========================================
[TEST-LOG][2026-04-18 16:44:22.650] 执行数据库操作: 清理测试成绩数据
[TEST-LOG][2026-04-18 16:44:22.650] SQL语句: DELETE FROM stucourse WHERE stuid IN (99001, 99002, 99003)
[TEST-LOG][2026-04-18 16:44:22.650] ========================================
[TEST-LOG][2026-04-18 16:44:22.651] ========================================
[TEST-LOG][2026-04-18 16:44:22.651] 数据库操作结果: 清理测试成绩数据
[TEST-LOG][2026-04-18 16:44:22.652] 影响行数: 0
[TEST-LOG][2026-04-18 16:44:22.652] ========================================
[TEST-LOG][2026-04-18 16:44:22.652] ========================================
[TEST-LOG][2026-04-18 16:44:22.652] 执行数据库操作: 清理测试学生数据
[TEST-LOG][2026-04-18 16:44:22.652] SQL语句: DELETE FROM student WHERE id IN (99001, 99002, 99003)
[TEST-LOG][2026-04-18 16:44:22.652] ========================================
[TEST-LOG][2026-04-18 16:44:22.653] ========================================
[TEST-LOG][2026-04-18 16:44:22.653] 数据库操作结果: 清理测试学生数据
[TEST-LOG][2026-04-18 16:44:22.653] 影响行数: 0
[TEST-LOG][2026-04-18 16:44:22.653] ========================================
[TEST-LOG][2026-04-18 16:44:22.653] 测试数据清理完成
[TEST-LOG][2026-04-18 16:44:22.653] ========== 测试5: 查询学生记录 - 多种查询方式 ==========
[TEST-LOG][2026-04-18 16:44:22.653] 步骤1: 插入多个测试数据
[TEST-LOG][2026-04-18 16:44:22.653] ========================================
[TEST-LOG][2026-04-18 16:44:22.653] 执行数据库操作: 插入测试学生1
[TEST-LOG][2026-04-18 16:44:22.653] SQL语句: INSERT INTO student (id, name, sex, indate, claname, majorid, teaid) VALUES (99001, '查询测试1', '男', '2023-09-01', '计算机科学与技术一班', 1, 1)
[TEST-LOG][2026-04-18 16:44:22.653] ========================================
[TEST-LOG][2026-04-18 16:44:22.668] ========================================
[TEST-LOG][2026-04-18 16:44:22.668] 数据库操作结果: 插入测试学生1
[TEST-LOG][2026-04-18 16:44:22.668] 影响行数: 1
[TEST-LOG][2026-04-18 16:44:22.668] ========================================
[TEST-LOG][2026-04-18 16:44:22.668] ========================================
[TEST-LOG][2026-04-18 16:44:22.668] 执行数据库操作: 插入测试学生2
[TEST-LOG][2026-04-18 16:44:22.668] SQL语句: INSERT INTO student (id, name, sex, indate, claname, majorid, teaid) VALUES (99002, '查询测试2', '女', '2023-09-01', '计算机科学与技术一班', 1, 1)
[TEST-LOG][2026-04-18 16:44:22.668] ========================================
[TEST-LOG][2026-04-18 16:44:22.682] ========================================
[TEST-LOG][2026-04-18 16:44:22.682] 数据库操作结果: 插入测试学生2
[TEST-LOG][2026-04-18 16:44:22.682] 影响行数: 1
[TEST-LOG][2026-04-18 16:44:22.682] ========================================
[TEST-LOG][2026-04-18 16:44:22.682] 步骤2: 按ID查询
[TEST-LOG][2026-04-18 16:44:22.682] ========================================
[TEST-LOG][2026-04-18 16:44:22.682] 执行数据库操作: 按ID查询学生
[TEST-LOG][2026-04-18 16:44:22.682] SQL语句: SELECT * FROM student WHERE id = 99001
[TEST-LOG][2026-04-18 16:44:22.682] ========================================
[TEST-LOG][2026-04-18 16:44:22.683] ✓ 按ID查询通过
[TEST-LOG][2026-04-18 16:44:22.683] 步骤3: 按条件查询（性别=男）
[TEST-LOG][2026-04-18 16:44:22.683] ========================================
[TEST-LOG][2026-04-18 16:44:22.683] 执行数据库操作: 按性别查询
[TEST-LOG][2026-04-18 16:44:22.683] SQL语句: SELECT * FROM student WHERE sex = '男' AND id >= 99001
[TEST-LOG][2026-04-18 16:44:22.683] ========================================
[TEST-LOG][2026-04-18 16:44:22.685]   查询到男生: 查询测试1
[TEST-LOG][2026-04-18 16:44:22.685]   查询到男生: 张蓝
[TEST-LOG][2026-04-18 16:44:22.685]   查询到男生: 张三
[TEST-LOG][2026-04-18 16:44:22.685]   查询到男生: 李白
[TEST-LOG][2026-04-18 16:44:22.685]   查询到男生: 黄奕
[TEST-LOG][2026-04-18 16:44:22.685]   查询到男生: 李尔
[TEST-LOG][2026-04-18 16:44:22.685]   查询到男生: 李森
[TEST-LOG][2026-04-18 16:44:22.685]   查询到男生: 杜甫
[TEST-LOG][2026-04-18 16:44:22.685]   查询到男生: 李清
[TEST-LOG][2026-04-18 16:44:22.685]   查询到男生: 李昭
[TEST-LOG][2026-04-18 16:44:22.685]   查询到男生: 李一
[TEST-LOG][2026-04-18 16:44:22.685]   查询到男生: 李五
[TEST-LOG][2026-04-18 16:44:22.685]   查询到男生: 李六
[TEST-LOG][2026-04-18 16:44:22.685]   查询到男生: 李齐
[TEST-LOG][2026-04-18 16:44:22.685]   查询到男生: 李八
[TEST-LOG][2026-04-18 16:44:22.685]   查询到男生: 李九
[TEST-LOG][2026-04-18 16:44:22.685]   查询到男生: 鲁智深
[TEST-LOG][2026-04-18 16:44:22.685]   查询到男生: 刘崇
[TEST-LOG][2026-04-18 16:44:22.685]   查询到男生: 卢俊义
[TEST-LOG][2026-04-18 16:44:22.685]   查询到男生: 吴用
[TEST-LOG][2026-04-18 16:44:22.685]   查询到男生: 公孙胜
[TEST-LOG][2026-04-18 16:44:22.685]   查询到男生: 关胜
[TEST-LOG][2026-04-18 16:44:22.685]   查询到男生: 秦明
[TEST-LOG][2026-04-18 16:44:22.685]   查询到男生: 华容
[TEST-LOG][2026-04-18 16:44:22.685]   查询到男生: 武松
[TEST-LOG][2026-04-18 16:44:22.686] ✓ 按性别查询通过
[TEST-LOG][2026-04-18 16:44:22.686] 步骤4: 模糊查询（姓名以'查询'开头）
[TEST-LOG][2026-04-18 16:44:22.686] ========================================
[TEST-LOG][2026-04-18 16:44:22.686] 执行数据库操作: 模糊查询
[TEST-LOG][2026-04-18 16:44:22.686] SQL语句: SELECT * FROM student WHERE name LIKE '查询%'
[TEST-LOG][2026-04-18 16:44:22.686] ========================================
[TEST-LOG][2026-04-18 16:44:22.687]   模糊查询结果: 查询测试1
[TEST-LOG][2026-04-18 16:44:22.687]   模糊查询结果: 查询测试2
[TEST-LOG][2026-04-18 16:44:22.687] ✓ 模糊查询通过
[TEST-LOG][2026-04-18 16:44:22.687] 步骤5: IN查询
[TEST-LOG][2026-04-18 16:44:22.687] ========================================
[TEST-LOG][2026-04-18 16:44:22.687] 执行数据库操作: IN查询
[TEST-LOG][2026-04-18 16:44:22.687] SQL语句: SELECT * FROM student WHERE id IN (99001, 99002)
[TEST-LOG][2026-04-18 16:44:22.687] ========================================
[TEST-LOG][2026-04-18 16:44:22.689]   IN查询结果: 查询测试1
[TEST-LOG][2026-04-18 16:44:22.689]   IN查询结果: 查询测试2
[TEST-LOG][2026-04-18 16:44:22.689] ✓ IN查询通过
[TEST-LOG][2026-04-18 16:44:22.689] ========== 测试5完成 ==========
[TEST-LOG][2026-04-18 16:44:22.689] ========================================
[TEST-LOG][2026-04-18 16:44:22.689] 清理本次测试的数据...
[TEST-LOG][2026-04-18 16:44:22.689] ========================================
[TEST-LOG][2026-04-18 16:44:22.689] ========================================
[TEST-LOG][2026-04-18 16:44:22.689] 执行数据库操作: 清理成绩数据
[TEST-LOG][2026-04-18 16:44:22.689] SQL语句: DELETE FROM stucourse WHERE stuid IN (99001, 99002, 99003)
[TEST-LOG][2026-04-18 16:44:22.689] ========================================
[TEST-LOG][2026-04-18 16:44:22.690] ========================================
[TEST-LOG][2026-04-18 16:44:22.690] 数据库操作结果: 清理成绩数据
[TEST-LOG][2026-04-18 16:44:22.690] 影响行数: 0
[TEST-LOG][2026-04-18 16:44:22.690] ========================================
[TEST-LOG][2026-04-18 16:44:22.690] ========================================
[TEST-LOG][2026-04-18 16:44:22.690] 执行数据库操作: 清理学生数据
[TEST-LOG][2026-04-18 16:44:22.690] SQL语句: DELETE FROM student WHERE id IN (99001, 99002, 99003)
[TEST-LOG][2026-04-18 16:44:22.690] ========================================
[TEST-LOG][2026-04-18 16:44:22.693] ========================================
[TEST-LOG][2026-04-18 16:44:22.693] 数据库操作结果: 清理学生数据
[TEST-LOG][2026-04-18 16:44:22.693] 影响行数: 2
[TEST-LOG][2026-04-18 16:44:22.693] ========================================
[TEST-LOG][2026-04-18 16:44:22.693] ✓ 测试数据清理完成
]]></system-out>
  </testcase>
  <testcase name="testTransaction" classname="cn.nankai.edu.cn.RealDBJDBCOperationTest" time="0.035">
    <system-out><![CDATA[[TEST-LOG][2026-04-18 16:44:22.697] ----------------------------------------
[TEST-LOG][2026-04-18 16:44:22.697] 开始执行测试方法...
[TEST-LOG][2026-04-18 16:44:22.697] ----------------------------------------
[TEST-LOG][2026-04-18 16:44:22.697] 准备测试数据...
[TEST-LOG][2026-04-18 16:44:22.697] 清理可能存在的旧测试数据...
[TEST-LOG][2026-04-18 16:44:22.697] ========================================
[TEST-LOG][2026-04-18 16:44:22.697] 执行数据库操作: 清理测试成绩数据
[TEST-LOG][2026-04-18 16:44:22.697] SQL语句: DELETE FROM stucourse WHERE stuid IN (99001, 99002, 99003)
[TEST-LOG][2026-04-18 16:44:22.697] ========================================
[TEST-LOG][2026-04-18 16:44:22.697] ========================================
[TEST-LOG][2026-04-18 16:44:22.697] 数据库操作结果: 清理测试成绩数据
[TEST-LOG][2026-04-18 16:44:22.697] 影响行数: 0
[TEST-LOG][2026-04-18 16:44:22.697] ========================================
[TEST-LOG][2026-04-18 16:44:22.697] ========================================
[TEST-LOG][2026-04-18 16:44:22.697] 执行数据库操作: 清理测试学生数据
[TEST-LOG][2026-04-18 16:44:22.697] SQL语句: DELETE FROM student WHERE id IN (99001, 99002, 99003)
[TEST-LOG][2026-04-18 16:44:22.697] ========================================
[TEST-LOG][2026-04-18 16:44:22.699] ========================================
[TEST-LOG][2026-04-18 16:44:22.699] 数据库操作结果: 清理测试学生数据
[TEST-LOG][2026-04-18 16:44:22.699] 影响行数: 0
[TEST-LOG][2026-04-18 16:44:22.699] ========================================
[TEST-LOG][2026-04-18 16:44:22.699] 测试数据清理完成
[TEST-LOG][2026-04-18 16:44:22.699] ========== 测试9: 事务测试 - 提交与回滚 ==========
[TEST-LOG][2026-04-18 16:44:22.699] ========================================
[TEST-LOG][2026-04-18 16:44:22.699] 步骤1: 关闭自动提交，开始事务
[TEST-LOG][2026-04-18 16:44:22.699] ========================================
[TEST-LOG][2026-04-18 16:44:22.700] ✓ 自动提交已关闭，事务开始
[TEST-LOG][2026-04-18 16:44:22.700] ========================================
[TEST-LOG][2026-04-18 16:44:22.700] 步骤2: 在事务中插入数据
[TEST-LOG][2026-04-18 16:44:22.700] ========================================
[TEST-LOG][2026-04-18 16:44:22.701] ✓ 事务中数据已插入（尚未提交）
[TEST-LOG][2026-04-18 16:44:22.701] ========================================
[TEST-LOG][2026-04-18 16:44:22.701] 步骤3: 验证事务中可以查询到数据（当前连接可见）
[TEST-LOG][2026-04-18 16:44:22.701] ========================================
[TEST-LOG][2026-04-18 16:44:22.702] ✓ 事务中数据可见
[TEST-LOG][2026-04-18 16:44:22.702] ========================================
[TEST-LOG][2026-04-18 16:44:22.702] 步骤4: 回滚事务
[TEST-LOG][2026-04-18 16:44:22.702] ========================================
[TEST-LOG][2026-04-18 16:44:22.705] ✓ 事务已回滚
[TEST-LOG][2026-04-18 16:44:22.705] ========================================
[TEST-LOG][2026-04-18 16:44:22.705] 步骤5: 验证数据已消失
[TEST-LOG][2026-04-18 16:44:22.705] ========================================
[TEST-LOG][2026-04-18 16:44:22.706] ✓ 回滚后数据已删除
[TEST-LOG][2026-04-18 16:44:22.706] ========================================
[TEST-LOG][2026-04-18 16:44:22.706] 步骤6: 测试事务提交
[TEST-LOG][2026-04-18 16:44:22.706] ========================================
[TEST-LOG][2026-04-18 16:44:22.708] ✓ 数据已插入，准备提交
[TEST-LOG][2026-04-18 16:44:22.722] ✓ 事务已提交
[TEST-LOG][2026-04-18 16:44:22.723] ========================================
[TEST-LOG][2026-04-18 16:44:22.723] 步骤7: 验证提交后的数据
[TEST-LOG][2026-04-18 16:44:22.723] ========================================
[TEST-LOG][2026-04-18 16:44:22.724] ✓ 提交后数据已持久化
[TEST-LOG][2026-04-18 16:44:22.724] ========================================
[TEST-LOG][2026-04-18 16:44:22.724] 清理测试数据
[TEST-LOG][2026-04-18 16:44:22.724] ========================================
[TEST-LOG][2026-04-18 16:44:22.724] ========================================
[TEST-LOG][2026-04-18 16:44:22.724] 执行数据库操作: 清理事务测试学生
[TEST-LOG][2026-04-18 16:44:22.724] SQL语句: DELETE FROM student WHERE id IN (99001, 99002)
[TEST-LOG][2026-04-18 16:44:22.724] ========================================
[TEST-LOG][2026-04-18 16:44:22.725] ========================================
[TEST-LOG][2026-04-18 16:44:22.725] 数据库操作结果: 清理事务测试学生
[TEST-LOG][2026-04-18 16:44:22.725] 影响行数: 1
[TEST-LOG][2026-04-18 16:44:22.725] ========================================
[TEST-LOG][2026-04-18 16:44:22.728] ✓ 自动提交已恢复
[TEST-LOG][2026-04-18 16:44:22.728] ========== 测试9完成 ==========
[TEST-LOG][2026-04-18 16:44:22.729] ========================================
[TEST-LOG][2026-04-18 16:44:22.729] 清理本次测试的数据...
[TEST-LOG][2026-04-18 16:44:22.729] ========================================
[TEST-LOG][2026-04-18 16:44:22.729] ========================================
[TEST-LOG][2026-04-18 16:44:22.729] 执行数据库操作: 清理成绩数据
[TEST-LOG][2026-04-18 16:44:22.729] SQL语句: DELETE FROM stucourse WHERE stuid IN (99001, 99002, 99003)
[TEST-LOG][2026-04-18 16:44:22.729] ========================================
[TEST-LOG][2026-04-18 16:44:22.730] ========================================
[TEST-LOG][2026-04-18 16:44:22.730] 数据库操作结果: 清理成绩数据
[TEST-LOG][2026-04-18 16:44:22.730] 影响行数: 0
[TEST-LOG][2026-04-18 16:44:22.730] ========================================
[TEST-LOG][2026-04-18 16:44:22.730] ========================================
[TEST-LOG][2026-04-18 16:44:22.730] 执行数据库操作: 清理学生数据
[TEST-LOG][2026-04-18 16:44:22.730] SQL语句: DELETE FROM student WHERE id IN (99001, 99002, 99003)
[TEST-LOG][2026-04-18 16:44:22.730] ========================================
[TEST-LOG][2026-04-18 16:44:22.731] ========================================
[TEST-LOG][2026-04-18 16:44:22.731] 数据库操作结果: 清理学生数据
[TEST-LOG][2026-04-18 16:44:22.731] 影响行数: 0
[TEST-LOG][2026-04-18 16:44:22.731] ========================================
[TEST-LOG][2026-04-18 16:44:22.731] ✓ 测试数据清理完成
]]></system-out>
  </testcase>
  <testcase name="testJDBCemoOperations" classname="cn.nankai.edu.cn.RealDBJDBCOperationTest" time="0.016">
    <system-out><![CDATA[[TEST-LOG][2026-04-18 16:44:22.733] ----------------------------------------
[TEST-LOG][2026-04-18 16:44:22.733] 开始执行测试方法...
[TEST-LOG][2026-04-18 16:44:22.733] ----------------------------------------
[TEST-LOG][2026-04-18 16:44:22.733] 准备测试数据...
[TEST-LOG][2026-04-18 16:44:22.733] 清理可能存在的旧测试数据...
[TEST-LOG][2026-04-18 16:44:22.733] ========================================
[TEST-LOG][2026-04-18 16:44:22.733] 执行数据库操作: 清理测试成绩数据
[TEST-LOG][2026-04-18 16:44:22.733] SQL语句: DELETE FROM stucourse WHERE stuid IN (99001, 99002, 99003)
[TEST-LOG][2026-04-18 16:44:22.733] ========================================
[TEST-LOG][2026-04-18 16:44:22.734] ========================================
[TEST-LOG][2026-04-18 16:44:22.734] 数据库操作结果: 清理测试成绩数据
[TEST-LOG][2026-04-18 16:44:22.734] 影响行数: 0
[TEST-LOG][2026-04-18 16:44:22.734] ========================================
[TEST-LOG][2026-04-18 16:44:22.734] ========================================
[TEST-LOG][2026-04-18 16:44:22.734] 执行数据库操作: 清理测试学生数据
[TEST-LOG][2026-04-18 16:44:22.734] SQL语句: DELETE FROM student WHERE id IN (99001, 99002, 99003)
[TEST-LOG][2026-04-18 16:44:22.734] ========================================
[TEST-LOG][2026-04-18 16:44:22.735] ========================================
[TEST-LOG][2026-04-18 16:44:22.735] 数据库操作结果: 清理测试学生数据
[TEST-LOG][2026-04-18 16:44:22.735] 影响行数: 0
[TEST-LOG][2026-04-18 16:44:22.735] ========================================
[TEST-LOG][2026-04-18 16:44:22.735] 测试数据清理完成
[TEST-LOG][2026-04-18 16:44:22.735] ========== 测试10: 使用JDBCemo进行操作测试 ==========
[TEST-LOG][2026-04-18 16:44:22.735] ========================================
[TEST-LOG][2026-04-18 16:44:22.735] 步骤1: 插入测试学生数据
[TEST-LOG][2026-04-18 16:44:22.736] ========================================
[TEST-LOG][2026-04-18 16:44:22.736] ========================================
[TEST-LOG][2026-04-18 16:44:22.736] 执行数据库操作: 插入JDBCemo测试学生
[TEST-LOG][2026-04-18 16:44:22.736] SQL语句: INSERT INTO student (id, name, sex, indate, claname, majorid, teaid) VALUES (99001, 'JDBCemo测试', '男', '2023-09-01', '计算机科学与技术一班', 1, 1)
[TEST-LOG][2026-04-18 16:44:22.736] ========================================
[TEST-LOG][2026-04-18 16:44:22.739] ========================================
[TEST-LOG][2026-04-18 16:44:22.739] 数据库操作结果: 插入JDBCemo测试学生
[TEST-LOG][2026-04-18 16:44:22.739] 影响行数: 1
[TEST-LOG][2026-04-18 16:44:22.739] ========================================
[TEST-LOG][2026-04-18 16:44:22.739] ========================================
[TEST-LOG][2026-04-18 16:44:22.739] 步骤2: 使用JDBCemo进行查询
[TEST-LOG][2026-04-18 16:44:22.739] ========================================
[TEST-LOG][2026-04-18 16:44:22.739] 调用JDBCemo.select方法...
SELECT * FROM student WHERE id = 99001;
[TEST-LOG][2026-04-18 16:44:22.741] JDBCemo.select返回值: 1
[TEST-LOG][2026-04-18 16:44:22.741] ✓ JDBCemo.select执行成功
[TEST-LOG][2026-04-18 16:44:22.741] ========================================
[TEST-LOG][2026-04-18 16:44:22.741] 验证查询结果集...
[TEST-LOG][2026-04-18 16:44:22.741] ========================================
[TEST-LOG][2026-04-18 16:44:22.741] 查询结果:
[TEST-LOG][2026-04-18 16:44:22.741]   学号: 99001
[TEST-LOG][2026-04-18 16:44:22.741]   姓名: JDBCemo测试
[TEST-LOG][2026-04-18 16:44:22.741] ✓ JDBCemo查询结果验证通过
[TEST-LOG][2026-04-18 16:44:22.741] ========================================
[TEST-LOG][2026-04-18 16:44:22.741] 步骤3: 清理测试数据
[TEST-LOG][2026-04-18 16:44:22.741] ========================================
[TEST-LOG][2026-04-18 16:44:22.741] ========================================
[TEST-LOG][2026-04-18 16:44:22.741] 执行数据库操作: 删除JDBCemo测试学生
[TEST-LOG][2026-04-18 16:44:22.741] SQL语句: DELETE FROM student WHERE id = 99001
[TEST-LOG][2026-04-18 16:44:22.741] ========================================
[TEST-LOG][2026-04-18 16:44:22.746] ========================================
[TEST-LOG][2026-04-18 16:44:22.746] 数据库操作结果: 删除JDBCemo测试学生
[TEST-LOG][2026-04-18 16:44:22.746] 影响行数: 1
[TEST-LOG][2026-04-18 16:44:22.746] ========================================
[TEST-LOG][2026-04-18 16:44:22.746] ========== 测试10完成 ==========
[TEST-LOG][2026-04-18 16:44:22.746] ========================================
[TEST-LOG][2026-04-18 16:44:22.746] 清理本次测试的数据...
[TEST-LOG][2026-04-18 16:44:22.746] ========================================
[TEST-LOG][2026-04-18 16:44:22.746] ========================================
[TEST-LOG][2026-04-18 16:44:22.746] 执行数据库操作: 清理成绩数据
[TEST-LOG][2026-04-18 16:44:22.746] SQL语句: DELETE FROM stucourse WHERE stuid IN (99001, 99002, 99003)
[TEST-LOG][2026-04-18 16:44:22.746] ========================================
[TEST-LOG][2026-04-18 16:44:22.747] ========================================
[TEST-LOG][2026-04-18 16:44:22.747] 数据库操作结果: 清理成绩数据
[TEST-LOG][2026-04-18 16:44:22.747] 影响行数: 0
[TEST-LOG][2026-04-18 16:44:22.747] ========================================
[TEST-LOG][2026-04-18 16:44:22.747] ========================================
[TEST-LOG][2026-04-18 16:44:22.747] 执行数据库操作: 清理学生数据
[TEST-LOG][2026-04-18 16:44:22.747] SQL语句: DELETE FROM student WHERE id IN (99001, 99002, 99003)
[TEST-LOG][2026-04-18 16:44:22.747] ========================================
[TEST-LOG][2026-04-18 16:44:22.748] ========================================
[TEST-LOG][2026-04-18 16:44:22.748] 数据库操作结果: 清理学生数据
[TEST-LOG][2026-04-18 16:44:22.748] 影响行数: 0
[TEST-LOG][2026-04-18 16:44:22.748] ========================================
[TEST-LOG][2026-04-18 16:44:22.748] ✓ 测试数据清理完成
]]></system-out>
  </testcase>
</testsuite>